<?xml version="1.0" encoding="UTF-8"?>
<!-- Generated by org.testng.reporters.JUnitReportReporter -->
<testsuite skipped="0" hostname="Lenovo-PC" name="Homework3" tests="1" failures="0" timestamp="20 апр 2018 10:48:06 GMT" time="3.426" errors="0">
  <testcase name="test" time="3.426" classname="Homework3"/>
</testsuite> <!-- Homework3 -->
