<?xml version="1.0" encoding="UTF-8"?>
<!-- Generated by org.testng.reporters.JUnitReportReporter -->
<testsuite skipped="0" hostname="Lenovo-PC" name="Homework2" tests="1" failures="0" timestamp="19 апр 2018 21:46:58 GMT" time="3.326" errors="0">
  <testcase name="test" time="3.326" classname="Homework2"/>
</testsuite> <!-- Homework2 -->
